# JRE version: OpenJDK Runtime Environment Microsoft-11369865 (17.0.15+6) (build 17.0.15+6-LTS)
# Java VM: OpenJDK 64-Bit Server VM Microsoft-11369865 (17.0.15+6-LTS, mixed mode, tiered, compressed oops, compressed class ptrs, g1 gc, windows-amd64)
GC Precious Log:
 CPUs: 12 total, 12 available
 Memory: 16252M
 Large Page Support: Disabled
 NUMA Support: Disabled
 Compressed Oops: Enabled (Zero based)
 Heap Region Size: 32M
 Heap Min Capacity: 32M
 Heap Initial Capacity: 256M
 Heap Max Capacity: 6816M
 Pre-touch: Disabled
 Parallel Workers: 10
 Concurrent Workers: 3
 Concurrent Refinement Workers: 10
 Periodic GC: Disabled
Heap:
 garbage-first heap   total 3178496K, used 2348773K [0x0000000656000000, 0x0000000800000000)
  region size 32768K, 6 young (196608K), 3 survivors (98304K)
 Metaspace       used 243772K, committed 246016K, reserved 1310720K
  class space    used 38905K, committed 39936K, reserved 1048576K
GC Heap History (20 events):
Event: 216.585 GC heap before
{Heap before GC invocations=101 (full 0):
 garbage-first heap   total 3178496K, used 2589724K [0x0000000656000000, 0x0000000800000000)
  region size 32768K, 19 young (622592K), 2 survivors (65536K)
 Metaspace       used 243695K, committed 246016K, reserved 1310720K
  class space    used 38905K, committed 39936K, reserved 1048576K
}
Event: 216.603 GC heap after
{Heap after GC invocations=102 (full 0):
 garbage-first heap   total 3178496K, used 2068889K [0x0000000656000000, 0x0000000800000000)
  region size 32768K, 3 young (98304K), 3 survivors (98304K)
 Metaspace       used 243695K, committed 246016K, reserved 1310720K
  class space    used 38905K, committed 39936K, reserved 1048576K
}
Event: 216.720 GC heap before
{Heap before GC invocations=102 (full 0):
 garbage-first heap   total 3178496K, used 2593177K [0x0000000656000000, 0x0000000800000000)
  region size 32768K, 19 young (622592K), 3 survivors (98304K)
 Metaspace       used 243706K, committed 246016K, reserved 1310720K
  class space    used 38905K, committed 39936K, reserved 1048576K
}
Event: 216.742 GC heap after
{Heap after GC invocations=103 (full 0):
 garbage-first heap   total 3178496K, used 2091116K [0x0000000656000000, 0x0000000800000000)
  region size 32768K, 3 young (98304K), 3 survivors (98304K)
 Metaspace       used 243706K, committed 246016K, reserved 1310720K
  class space    used 38905K, committed 39936K, reserved 1048576K
}
Event: 216.845 GC heap before
{Heap before GC invocations=103 (full 0):
 garbage-first heap   total 3178496K, used 2615404K [0x0000000656000000, 0x0000000800000000)
  region size 32768K, 19 young (622592K), 3 survivors (98304K)
 Metaspace       used 243711K, committed 246016K, reserved 1310720K
  class space    used 38905K, committed 39936K, reserved 1048576K
}
Event: 216.866 GC heap after
{Heap after GC invocations=104 (full 0):
 garbage-first heap   total 3178496K, used 2108373K [0x0000000656000000, 0x0000000800000000)
  region size 32768K, 2 young (65536K), 2 survivors (65536K)
 Metaspace       used 243711K, committed 246016K, reserved 1310720K
  class space    used 38905K, committed 39936K, reserved 1048576K
}
Event: 217.247 GC heap before
{Heap before GC invocations=104 (full 0):
 garbage-first heap   total 3178496K, used 2665429K [0x0000000656000000, 0x0000000800000000)
  region size 32768K, 19 young (622592K), 2 survivors (65536K)
 Metaspace       used 243712K, committed 246016K, reserved 1310720K
  class space    used 38905K, committed 39936K, reserved 1048576K
}
Event: 217.266 GC heap after
{Heap after GC invocations=105 (full 0):
 garbage-first heap   total 3178496K, used 2123323K [0x0000000656000000, 0x0000000800000000)
  region size 32768K, 2 young (65536K), 2 survivors (65536K)
 Metaspace       used 243712K, committed 246016K, reserved 1310720K
  class space    used 38905K, committed 39936K, reserved 1048576K
}
Event: 217.596 GC heap before
{Heap before GC invocations=105 (full 0):
 garbage-first heap   total 3178496K, used 2680379K [0x0000000656000000, 0x0000000800000000)
  region size 32768K, 19 young (622592K), 2 survivors (65536K)
 Metaspace       used 243714K, committed 246016K, reserved 1310720K
  class space    used 38905K, committed 39936K, reserved 1048576K
}
Event: 217.617 GC heap after
{Heap after GC invocations=106 (full 0):
 garbage-first heap   total 3178496K, used 2141102K [0x0000000656000000, 0x0000000800000000)
  region size 32768K, 2 young (65536K), 2 survivors (65536K)
 Metaspace       used 243714K, committed 246016K, reserved 1310720K
  class space    used 38905K, committed 39936K, reserved 1048576K
}
Event: 219.670 GC heap before
{Heap before GC invocations=106 (full 0):
 garbage-first heap   total 3178496K, used 2698158K [0x0000000656000000, 0x0000000800000000)
  region size 32768K, 19 young (622592K), 2 survivors (65536K)
 Metaspace       used 243716K, committed 246016K, reserved 1310720K
  class space    used 38905K, committed 39936K, reserved 1048576K
}
Event: 219.685 GC heap after
{Heap after GC invocations=107 (full 0):
 garbage-first heap   total 3178496K, used 2141917K [0x0000000656000000, 0x0000000800000000)
  region size 32768K, 2 young (65536K), 2 survivors (65536K)
 Metaspace       used 243716K, committed 246016K, reserved 1310720K
  class space    used 38905K, committed 39936K, reserved 1048576K
}
Event: 222.058 GC heap before
{Heap before GC invocations=107 (full 0):
 garbage-first heap   total 3178496K, used 2698973K [0x0000000656000000, 0x0000000800000000)
  region size 32768K, 19 young (622592K), 2 survivors (65536K)
 Metaspace       used 243718K, committed 246016K, reserved 1310720K
  class space    used 38905K, committed 39936K, reserved 1048576K
}
Event: 222.070 GC heap after
{Heap after GC invocations=108 (full 0):
 garbage-first heap   total 3178496K, used 2142468K [0x0000000656000000, 0x0000000800000000)
  region size 32768K, 2 young (65536K), 2 survivors (65536K)
 Metaspace       used 243718K, committed 246016K, reserved 1310720K
  class space    used 38905K, committed 39936K, reserved 1048576K
}
Event: 227.218 GC heap before
{Heap before GC invocations=108 (full 0):
 garbage-first heap   total 3178496K, used 2699524K [0x0000000656000000, 0x0000000800000000)
  region size 32768K, 19 young (622592K), 2 survivors (65536K)
 Metaspace       used 243719K, committed 246016K, reserved 1310720K
  class space    used 38905K, committed 39936K, reserved 1048576K
}
Event: 227.230 GC heap after
{Heap after GC invocations=109 (full 0):
 garbage-first heap   total 3178496K, used 2145001K [0x0000000656000000, 0x0000000800000000)
  region size 32768K, 2 young (65536K), 2 survivors (65536K)
 Metaspace       used 243719K, committed 246016K, reserved 1310720K
  class space    used 38905K, committed 39936K, reserved 1048576K
}
Event: 227.929 GC heap before
{Heap before GC invocations=109 (full 0):
 garbage-first heap   total 3178496K, used 2702057K [0x0000000656000000, 0x0000000800000000)
  region size 32768K, 19 young (622592K), 2 survivors (65536K)
 Metaspace       used 243726K, committed 246016K, reserved 1310720K
  class space    used 38905K, committed 39936K, reserved 1048576K
}
Event: 227.962 GC heap after
{Heap after GC invocations=110 (full 0):
 garbage-first heap   total 3178496K, used 2201657K [0x0000000656000000, 0x0000000800000000)
  region size 32768K, 3 young (98304K), 3 survivors (98304K)
 Metaspace       used 243726K, committed 246016K, reserved 1310720K
  class space    used 38905K, committed 39936K, reserved 1048576K
}
Event: 228.597 GC heap before
{Heap before GC invocations=110 (full 0):
 garbage-first heap   total 3178496K, used 2725945K [0x0000000656000000, 0x0000000800000000)
  region size 32768K, 19 young (622592K), 3 survivors (98304K)
 Metaspace       used 243736K, committed 246016K, reserved 1310720K
  class space    used 38905K, committed 39936K, reserved 1048576K
}
Event: 228.665 GC heap after
{Heap after GC invocations=111 (full 0):
 garbage-first heap   total 3178496K, used 2316005K [0x0000000656000000, 0x0000000800000000)
  region size 32768K, 3 young (98304K), 3 survivors (98304K)
 Metaspace       used 243736K, committed 246016K, reserved 1310720K
  class space    used 38905K, committed 39936K, reserved 1048576K
}

